0 info it worked if it ends with ok
1 verbose cli [ '/usr/local/bin/node',
1 verbose cli   '/usr/local/bin/npm',
1 verbose cli   'install',
1 verbose cli   'apidoc',
1 verbose cli   '-g' ]
2 info using npm@2.15.1
3 info using node@v4.4.4
4 verbose install initial load of /usr/local/lib/package.json
5 verbose readDependencies loading dependencies from /usr/local/lib/package.json
6 silly cache add args [ 'apidoc', null ]
7 verbose cache add spec apidoc
8 silly cache add parsed spec Result {
8 silly cache add   raw: 'apidoc',
8 silly cache add   scope: null,
8 silly cache add   name: 'apidoc',
8 silly cache add   rawSpec: '',
8 silly cache add   spec: 'latest',
8 silly cache add   type: 'tag' }
9 silly addNamed apidoc@latest
10 verbose addNamed "latest" is being treated as a dist-tag for apidoc
11 info addNameTag [ 'apidoc', 'latest' ]
12 silly mapToRegistry name apidoc
13 silly mapToRegistry using default registry
14 silly mapToRegistry registry https://registry.npm.taobao.org/
15 silly mapToRegistry data Result {
15 silly mapToRegistry   raw: 'apidoc',
15 silly mapToRegistry   scope: null,
15 silly mapToRegistry   name: 'apidoc',
15 silly mapToRegistry   rawSpec: '',
15 silly mapToRegistry   spec: 'latest',
15 silly mapToRegistry   type: 'tag' }
16 silly mapToRegistry uri https://registry.npm.taobao.org/apidoc
17 verbose addNameTag registry:https://registry.npm.taobao.org/apidoc not in flight; fetching
18 verbose request uri https://registry.npm.taobao.org/apidoc
19 verbose request no auth needed
20 info attempt registry request try #1 at 1:06:44 PM
21 verbose request id 6ea7b1718252a327
22 verbose etag "17c0c-SWj6929KkYGAyNxiHfqX7g"
23 http request GET https://registry.npm.taobao.org/apidoc
24 http 200 https://registry.npm.taobao.org/apidoc
25 verbose headers { date: 'Sun, 25 Jun 2017 05:06:47 GMT',
25 verbose headers   'content-type': 'application/json; charset=utf-8',
25 verbose headers   'content-length': '101955',
25 verbose headers   connection: 'keep-alive',
25 verbose headers   'x-current-requests': '1',
25 verbose headers   etag: '"18e43-WIWdjftEMzz0vlm4B70RkpLn2Wo"',
25 verbose headers   'x-readtime': '26' }
26 silly get cb [ 200,
26 silly get   { date: 'Sun, 25 Jun 2017 05:06:47 GMT',
26 silly get     'content-type': 'application/json; charset=utf-8',
26 silly get     'content-length': '101955',
26 silly get     connection: 'keep-alive',
26 silly get     'x-current-requests': '1',
26 silly get     etag: '"18e43-WIWdjftEMzz0vlm4B70RkpLn2Wo"',
26 silly get     'x-readtime': '26' } ]
27 verbose get saving apidoc to /Users/tanjian/.npm/registry.npm.taobao.org/apidoc/.cache.json
28 verbose correctMkdir /Users/tanjian/.npm correctMkdir not in flight; initializing
29 silly addNameTag next cb for apidoc with tag latest
30 silly addNamed apidoc@0.17.6
31 verbose addNamed "0.17.6" is a plain semver version for apidoc
32 silly mapToRegistry name apidoc
33 silly mapToRegistry using default registry
34 silly mapToRegistry registry https://registry.npm.taobao.org/
35 silly mapToRegistry data Result {
35 silly mapToRegistry   raw: 'apidoc',
35 silly mapToRegistry   scope: null,
35 silly mapToRegistry   name: 'apidoc',
35 silly mapToRegistry   rawSpec: '',
35 silly mapToRegistry   spec: 'latest',
35 silly mapToRegistry   type: 'tag' }
36 silly mapToRegistry uri https://registry.npm.taobao.org/apidoc
37 verbose addRemoteTarball https://registry.npm.taobao.org/apidoc/download/apidoc-0.17.6.tgz not in flight; adding
38 verbose addRemoteTarball [ 'https://registry.npm.taobao.org/apidoc/download/apidoc-0.17.6.tgz',
38 verbose addRemoteTarball   '4ee8ac610dedddcb1006c3e28fa7dd634b4a5ce6' ]
39 info retry fetch attempt 1 at 1:06:48 PM
40 info attempt registry request try #1 at 1:06:48 PM
41 http fetch GET https://registry.npm.taobao.org/apidoc/download/apidoc-0.17.6.tgz
42 http fetch 200 https://registry.npm.taobao.org/apidoc/download/apidoc-0.17.6.tgz
43 silly fetchAndShaCheck shasum 4ee8ac610dedddcb1006c3e28fa7dd634b4a5ce6
44 verbose addTmpTarball /var/folders/2v/2kdw552s1bvdsfwq7tjv3n6w0000gn/T/npm-1008-f2e7d4c2/registry.npm.taobao.org/apidoc/download/apidoc-0.17.6.tgz not in flight; adding
45 verbose addTmpTarball already have metadata; skipping unpack for apidoc@0.17.6
46 verbose correctMkdir /Users/tanjian/.npm correctMkdir not in flight; initializing
47 silly cache afterAdd apidoc@0.17.6
48 verbose afterAdd /Users/tanjian/.npm/apidoc/0.17.6/package/package.json not in flight; writing
49 verbose correctMkdir /Users/tanjian/.npm correctMkdir not in flight; initializing
50 verbose afterAdd /Users/tanjian/.npm/apidoc/0.17.6/package/package.json written
51 silly install resolved [ { name: 'apidoc',
51 silly install resolved     version: '0.17.6',
51 silly install resolved     description: 'RESTful web API Documentation Generator',
51 silly install resolved     author: { name: 'Peter Rottmann', email: 'rottmann@inveris.de' },
51 silly install resolved     license: 'MIT',
51 silly install resolved     preferGlobal: true,
51 silly install resolved     bin: { apidoc: 'bin/apidoc' },
51 silly install resolved     main: './lib/index.js',
51 silly install resolved     homepage: 'http://apidocjs.com',
51 silly install resolved     repository: { type: 'git', url: 'git+https://github.com/apidoc/apidoc.git' },
51 silly install resolved     bugs: { url: 'https://github.com/apidoc/apidoc/issues' },
51 silly install resolved     scripts:
51 silly install resolved      { test: 'npm run jshint && mocha test/',
51 silly install resolved        jshint: 'jshint lib/ test/',
51 silly install resolved        'build-example': 'bin/apidoc -i example/ -o tmp/',
51 silly install resolved        'check-updates': 'npm-check-updates',
51 silly install resolved        'update-lodash': './node_modules/lodash-cli/bin/lodash -p -o template/vendor/lodash.custom.min.js include=groupBy,each,extend,some exports=amd' },
51 silly install resolved     keywords: [ 'api', 'apidoc', 'doc', 'documentation', 'rest', 'restful' ],
51 silly install resolved     engines: { node: '>= 0.10.0' },
51 silly install resolved     dependencies:
51 silly install resolved      { 'apidoc-core': '~0.8.2',
51 silly install resolved        'fs-extra': '~3.0.1',
51 silly install resolved        lodash: '~4.17.4',
51 silly install resolved        'markdown-it': '^8.3.1',
51 silly install resolved        nomnom: '~1.8.1',
51 silly install resolved        winston: '~2.3.1' },
51 silly install resolved     devDependencies:
51 silly install resolved      { 'apidoc-example': '*',
51 silly install resolved        jshint: '^2.9.4',
51 silly install resolved        'lodash-cli': '^4.17.4',
51 silly install resolved        mocha: '~3.4.1',
51 silly install resolved        'npm-check-updates': '^2.11.1',
51 silly install resolved        'path-to-regexp': '^1.7.0',
51 silly install resolved        semver: '^5.3.0',
51 silly install resolved        should: '~11.2.1',
51 silly install resolved        webfontloader: '^1.6.27' },
51 silly install resolved     jshintConfig:
51 silly install resolved      { camelcase: true,
51 silly install resolved        curly: false,
51 silly install resolved        eqeqeq: true,
51 silly install resolved        forin: true,
51 silly install resolved        latedef: false,
51 silly install resolved        newcap: true,
51 silly install resolved        undef: true,
51 silly install resolved        unused: true,
51 silly install resolved        trailing: true,
51 silly install resolved        node: true,
51 silly install resolved        browser: true,
51 silly install resolved        predef: [Object] },
51 silly install resolved     gitHead: 'ae652811ca1ca71293291c3eb9747a932310265e',
51 silly install resolved     _id: 'apidoc@0.17.6',
51 silly install resolved     _shasum: '4ee8ac610dedddcb1006c3e28fa7dd634b4a5ce6',
51 silly install resolved     _from: 'apidoc@latest',
51 silly install resolved     _npmVersion: '4.2.0',
51 silly install resolved     _nodeVersion: '7.10.0',
51 silly install resolved     _npmUser: { name: 'apidoc', email: 'info@apidocjs.com' },
51 silly install resolved     dist:
51 silly install resolved      { shasum: '4ee8ac610dedddcb1006c3e28fa7dd634b4a5ce6',
51 silly install resolved        size: 315284,
51 silly install resolved        noattachment: false,
51 silly install resolved        tarball: 'http://registry.npm.taobao.org/apidoc/download/apidoc-0.17.6.tgz' },
51 silly install resolved     maintainers: [ [Object] ],
51 silly install resolved     _npmOperationalInternal:
51 silly install resolved      { host: 'packages-12-west.internal.npmjs.com',
51 silly install resolved        tmp: 'tmp/apidoc-0.17.6.tgz_1495186865076_0.26891588349826634' },
51 silly install resolved     directories: {},
51 silly install resolved     publish_time: 1495186872961,
51 silly install resolved     _hasShrinkwrap: false,
51 silly install resolved     _cnpm_publish_time: 1495186872961,
51 silly install resolved     _resolved: 'https://registry.npm.taobao.org/apidoc/download/apidoc-0.17.6.tgz' } ]
52 info install apidoc@0.17.6 into /usr/local/lib
53 info installOne apidoc@0.17.6
54 verbose installOne of apidoc to /usr/local/lib not in flight; installing
55 verbose correctMkdir /Users/tanjian/.npm/_locks correctMkdir not in flight; initializing
56 verbose lock using /Users/tanjian/.npm/_locks/apidoc-f9aa0b37c1929e76.lock for /usr/local/lib/node_modules/apidoc
57 silly install write writing apidoc 0.17.6 to /usr/local/lib/node_modules/apidoc
58 verbose unbuild lib/node_modules/apidoc
59 silly gentlyRm /usr/local/lib/node_modules/apidoc is being purged from base /usr/local
60 verbose gentlyRm don't care about contents; nuking /usr/local/lib/node_modules/apidoc
61 verbose tar unpack /Users/tanjian/.npm/apidoc/0.17.6/package.tgz
62 verbose tar unpacking to /usr/local/lib/node_modules/apidoc
63 silly gentlyRm /usr/local/lib/node_modules/apidoc is being purged
64 verbose gentlyRm don't care about contents; nuking /usr/local/lib/node_modules/apidoc
65 silly gunzTarPerm modes [ '755', '644' ]
66 error tar.unpack untar error /Users/tanjian/.npm/apidoc/0.17.6/package.tgz
67 verbose unlock done using /Users/tanjian/.npm/_locks/apidoc-f9aa0b37c1929e76.lock for /usr/local/lib/node_modules/apidoc
68 verbose fstream_path /usr/local/lib/node_modules/apidoc
69 verbose fstream_type Directory
70 verbose fstream_class DirWriter
71 verbose stack Error: EACCES: permission denied, mkdir '/usr/local/lib/node_modules/apidoc'
71 verbose stack     at Error (native)
72 verbose fstream_stack /usr/local/lib/node_modules/npm/node_modules/fstream/lib/dir-writer.js:35:25
72 verbose fstream_stack /usr/local/lib/node_modules/npm/node_modules/mkdirp/index.js:47:53
72 verbose fstream_stack FSReqWrap.oncomplete (fs.js:82:15)
73 verbose cwd /Users/tanjian/ideaProjects/iGooDo
74 error Darwin 16.6.0
75 error argv "/usr/local/bin/node" "/usr/local/bin/npm" "install" "apidoc" "-g"
76 error node v4.4.4
77 error npm  v2.15.1
78 error path /usr/local/lib/node_modules/apidoc
79 error code EACCES
80 error errno -13
81 error syscall mkdir
82 error Error: EACCES: permission denied, mkdir '/usr/local/lib/node_modules/apidoc'
82 error     at Error (native)
82 error  { [Error: EACCES: permission denied, mkdir '/usr/local/lib/node_modules/apidoc']
82 error   errno: -13,
82 error   code: 'EACCES',
82 error   syscall: 'mkdir',
82 error   path: '/usr/local/lib/node_modules/apidoc',
82 error   fstream_type: 'Directory',
82 error   fstream_path: '/usr/local/lib/node_modules/apidoc',
82 error   fstream_class: 'DirWriter',
82 error   fstream_stack:
82 error    [ '/usr/local/lib/node_modules/npm/node_modules/fstream/lib/dir-writer.js:35:25',
82 error      '/usr/local/lib/node_modules/npm/node_modules/mkdirp/index.js:47:53',
82 error      'FSReqWrap.oncomplete (fs.js:82:15)' ] }
83 error Please try running this command again as root/Administrator.
84 verbose exit [ -13, true ]
85 verbose unbuild lib/node_modules/apidoc
86 silly gentlyRm /usr/local/lib/node_modules/apidoc is being purged from base /usr/local
87 verbose gentlyRm don't care about contents; nuking /usr/local/lib/node_modules/apidoc
